<?xml version="1.0" encoding="UTF-8"?>
<testsuite name="com.yang.test.SampleTest" tests="1" skipped="0" failures="0" errors="0" timestamp="2022-04-02T03:59:54" hostname="yangyideMacBook-Pro.local" time="1.132">
  <properties/>
  <testcase name="testInsert()" classname="com.yang.test.SampleTest" time="1.132"/>
  <system-out><![CDATA[11:59:49.594 [Test worker] DEBUG org.springframework.test.context.BootstrapUtils - Instantiating CacheAwareContextLoaderDelegate from class [org.springframework.test.context.cache.DefaultCacheAwareContextLoaderDelegate]
11:59:49.605 [Test worker] DEBUG org.springframework.test.context.BootstrapUtils - Instantiating BootstrapContext using constructor [public org.springframework.test.context.support.DefaultBootstrapContext(java.lang.Class,org.springframework.test.context.CacheAwareContextLoaderDelegate)]
11:59:49.649 [Test worker] DEBUG org.springframework.test.context.BootstrapUtils - Instantiating TestContextBootstrapper for test class [com.yang.test.SampleTest] from class [org.springframework.boot.test.context.SpringBootTestContextBootstrapper]
11:59:49.660 [Test worker] INFO org.springframework.boot.test.context.SpringBootTestContextBootstrapper - Neither @ContextConfiguration nor @ContextHierarchy found for test class [com.yang.test.SampleTest], using SpringBootContextLoader
11:59:49.663 [Test worker] DEBUG org.springframework.test.context.support.AbstractContextLoader - Did not detect default resource location for test class [com.yang.test.SampleTest]: class path resource [com/yang/test/SampleTest-context.xml] does not exist
11:59:49.665 [Test worker] DEBUG org.springframework.test.context.support.AbstractContextLoader - Did not detect default resource location for test class [com.yang.test.SampleTest]: class path resource [com/yang/test/SampleTestContext.groovy] does not exist
11:59:49.666 [Test worker] INFO org.springframework.test.context.support.AbstractContextLoader - Could not detect default resource locations for test class [com.yang.test.SampleTest]: no resource found for suffixes {-context.xml, Context.groovy}.
11:59:49.668 [Test worker] INFO org.springframework.test.context.support.AnnotationConfigContextLoaderUtils - Could not detect default configuration classes for test class [com.yang.test.SampleTest]: SampleTest does not declare any static, non-private, non-final, nested classes annotated with @Configuration.
11:59:49.763 [Test worker] DEBUG org.springframework.test.context.support.ActiveProfilesUtils - Could not find an 'annotation declaring class' for annotation type [org.springframework.test.context.ActiveProfiles] and class [com.yang.test.SampleTest]
11:59:49.849 [Test worker] DEBUG org.springframework.context.annotation.ClassPathScanningCandidateComponentProvider - Identified candidate component class: file [/Users/yangyi/Documents/yy_code/qa_platform/build/classes/java/main/com/yang/QaPlatformApplication.class]
11:59:49.850 [Test worker] INFO org.springframework.boot.test.context.SpringBootTestContextBootstrapper - Found @SpringBootConfiguration com.yang.QaPlatformApplication for test class com.yang.test.SampleTest
11:59:49.935 [Test worker] DEBUG org.springframework.boot.test.context.SpringBootTestContextBootstrapper - @TestExecutionListeners is not present for class [com.yang.test.SampleTest]: using defaults.
11:59:49.935 [Test worker] INFO org.springframework.boot.test.context.SpringBootTestContextBootstrapper - Loaded default TestExecutionListener class names from location [META-INF/spring.factories]: [org.springframework.boot.test.autoconfigure.restdocs.RestDocsTestExecutionListener, org.springframework.boot.test.autoconfigure.web.client.MockRestServiceServerResetTestExecutionListener, org.springframework.boot.test.autoconfigure.web.servlet.MockMvcPrintOnlyOnFailureTestExecutionListener, org.springframework.boot.test.autoconfigure.web.servlet.WebDriverTestExecutionListener, org.springframework.boot.test.autoconfigure.webservices.client.MockWebServiceServerTestExecutionListener, org.springframework.boot.test.mock.mockito.MockitoTestExecutionListener, org.springframework.boot.test.mock.mockito.ResetMocksTestExecutionListener, org.springframework.test.context.web.ServletTestExecutionListener, org.springframework.test.context.support.DirtiesContextBeforeModesTestExecutionListener, org.springframework.test.context.event.ApplicationEventsTestExecutionListener, org.springframework.test.context.support.DependencyInjectionTestExecutionListener, org.springframework.test.context.support.DirtiesContextTestExecutionListener, org.springframework.test.context.transaction.TransactionalTestExecutionListener, org.springframework.test.context.jdbc.SqlScriptsTestExecutionListener, org.springframework.test.context.event.EventPublishingTestExecutionListener]
11:59:49.950 [Test worker] INFO org.springframework.boot.test.context.SpringBootTestContextBootstrapper - Using TestExecutionListeners: [org.springframework.test.context.web.ServletTestExecutionListener@2e63ad1f, org.springframework.test.context.support.DirtiesContextBeforeModesTestExecutionListener@30f2d1f5, org.springframework.test.context.event.ApplicationEventsTestExecutionListener@5f01f6ec, org.springframework.boot.test.mock.mockito.MockitoTestExecutionListener@35f642b0, org.springframework.boot.test.autoconfigure.SpringBootDependencyInjectionTestExecutionListener@64e1a44, org.springframework.test.context.support.DirtiesContextTestExecutionListener@20150e01, org.springframework.test.context.transaction.TransactionalTestExecutionListener@70733a79, org.springframework.test.context.jdbc.SqlScriptsTestExecutionListener@77171505, org.springframework.test.context.event.EventPublishingTestExecutionListener@17dad99, org.springframework.boot.test.autoconfigure.restdocs.RestDocsTestExecutionListener@910ceb1, org.springframework.boot.test.autoconfigure.web.client.MockRestServiceServerResetTestExecutionListener@60599d18, org.springframework.boot.test.autoconfigure.web.servlet.MockMvcPrintOnlyOnFailureTestExecutionListener@2fa9032b, org.springframework.boot.test.autoconfigure.web.servlet.WebDriverTestExecutionListener@43546222, org.springframework.boot.test.autoconfigure.webservices.client.MockWebServiceServerTestExecutionListener@4cbe49bf, org.springframework.boot.test.mock.mockito.ResetMocksTestExecutionListener@6023bc6d]
11:59:49.953 [Test worker] DEBUG org.springframework.test.context.support.AbstractDirtiesContextTestExecutionListener - Before test class: context [DefaultTestContext@5af587de testClass = SampleTest, testInstance = [null], testMethod = [null], testException = [null], mergedContextConfiguration = [WebMergedContextConfiguration@1c5b22f9 testClass = SampleTest, locations = '{}', classes = '{class com.yang.QaPlatformApplication}', contextInitializerClasses = '[]', activeProfiles = '{}', propertySourceLocations = '{}', propertySourceProperties = '{org.springframework.boot.test.context.SpringBootTestContextBootstrapper=true}', contextCustomizers = set[org.springframework.boot.test.autoconfigure.actuate.metrics.MetricsExportContextCustomizerFactory$DisableMetricExportContextCustomizer@1c446a19, org.springframework.boot.test.autoconfigure.properties.PropertyMappingContextCustomizer@0, org.springframework.boot.test.autoconfigure.web.servlet.WebDriverContextCustomizerFactory$Customizer@2ad163e1, org.springframework.boot.test.context.filter.ExcludeFilterContextCustomizer@2b238dcf, org.springframework.boot.test.json.DuplicateJsonObjectContextCustomizerFactory$DuplicateJsonObjectContextCustomizer@cf1e188, org.springframework.boot.test.mock.mockito.MockitoContextCustomizer@0, org.springframework.boot.test.web.client.TestRestTemplateContextCustomizer@5976d221, org.springframework.boot.test.context.SpringBootTestArgs@1, org.springframework.boot.test.context.SpringBootTestWebEnvironment@43479c7], resourceBasePath = 'src/main/webapp', contextLoader = 'org.springframework.boot.test.context.SpringBootContextLoader', parent = [null]], attributes = map['org.springframework.test.context.web.ServletTestExecutionListener.activateListener' -> true]], class annotated with @DirtiesContext [false] with mode [null].
11:59:49.990 [Test worker] DEBUG org.springframework.test.context.support.TestPropertySourceUtils - Adding inlined properties to environment: {spring.jmx.enabled=false, org.springframework.boot.test.context.SpringBootTestContextBootstrapper=true}

  .   ____          _            __ _ _
 /\\ / ___'_ __ _ _(_)_ __  __ _ \ \ \ \
( ( )\___ | '_ | '_| | '_ \/ _` | \ \ \ \
 \\/  ___)| |_)| | | | | || (_| |  ) ) ) )
  '  |____| .__|_| |_|_| |_\__, | / / / /
 =========|_|==============|___/=/_/_/_/
 :: Spring Boot ::                (v2.6.5)

2022-04-02 11:59:50.408  INFO 30876 --- [    Test worker] com.yang.test.SampleTest                 : Starting SampleTest using Java 14.0.2 on yangyideMacBook-Pro.local with PID 30876 (started by yangyi in /Users/yangyi/Documents/yy_code/qa_platform)
2022-04-02 11:59:50.409 DEBUG 30876 --- [    Test worker] com.yang.test.SampleTest                 : Running with Spring Boot v2.6.5, Spring v5.3.17
2022-04-02 11:59:50.415  INFO 30876 --- [    Test worker] com.yang.test.SampleTest                 : No active profile set, falling back to 1 default profile: "default"
2022-04-02 11:59:51.994  INFO 30876 --- [    Test worker] trationDelegate$BeanPostProcessorChecker : Bean 'org.springframework.ws.config.annotation.DelegatingWsConfiguration' of type [org.springframework.ws.config.annotation.DelegatingWsConfiguration$$EnhancerBySpringCGLIB$$9395da78] is not eligible for getting processed by all BeanPostProcessors (for example: not eligible for auto-proxying)
2022-04-02 11:59:52.080  INFO 30876 --- [    Test worker] .w.s.a.s.AnnotationActionEndpointMapping : Supporting [WS-Addressing August 2004, WS-Addressing 1.0]
2022-04-02 11:59:52.297  INFO 30876 --- [    Test worker] c.a.d.s.b.a.DruidDataSourceAutoConfigure : Init DruidDataSource
2022-04-02 11:59:52.661  INFO 30876 --- [    Test worker] com.alibaba.druid.pool.DruidDataSource   : {dataSource-1} inited
 _ _   |_  _ _|_. ___ _ |    _ 
| | |\/|_)(_| | |_\  |_)||_|_\ 
     /               |         
                        3.5.1 
2022-04-02 11:59:54.275  INFO 30876 --- [    Test worker] com.yang.test.SampleTest                 : Started SampleTest in 4.278 seconds (JVM running for 5.805)
2022-04-02 11:59:55.212 DEBUG 30876 --- [    Test worker] com.yang.mapper.UserMapper.insert        : ==>  Preparing: INSERT INTO user ( username, password, email ) VALUES ( ?, ?, ? )
2022-04-02 11:59:55.254 DEBUG 30876 --- [    Test worker] com.yang.mapper.UserMapper.insert        : ==> Parameters: peter(String), 123(String), qq.com(String)
2022-04-02 11:59:55.285 DEBUG 30876 --- [    Test worker] com.yang.mapper.UserMapper.insert        : <==    Updates: 1
2022-04-02 11:59:55.303 DEBUG 30876 --- [    Test worker] com.yang.mapper.UserMapper.selectList    : ==>  Preparing: SELECT id,username,password,email FROM user
2022-04-02 11:59:55.304 DEBUG 30876 --- [    Test worker] com.yang.mapper.UserMapper.selectList    : ==> Parameters: 
2022-04-02 11:59:55.371 DEBUG 30876 --- [    Test worker] com.yang.mapper.UserMapper.selectList    : <==      Total: 4
User(id=1, username=hh, password=123, email=sdasd@123.com)
User(id=3, username=peter, password=123, email=qq.com)
User(id=9, username=yy, password=123, email=null)
User(id=10, username=peter, password=123, email=qq.com)
]]></system-out>
  <system-err><![CDATA[]]></system-err>
</testsuite>
