<?xml version="1.0" encoding="UTF-8"?>
<testsuite name="com.yang.test.SampleTest" tests="1" skipped="0" failures="0" errors="0" timestamp="2022-04-07T07:05:49" hostname="yangyideMacBook-Pro.local" time="1.626">
  <properties/>
  <testcase name="testLink()" classname="com.yang.test.SampleTest" time="1.626"/>
  <system-out><![CDATA[15:05:44.612 [Test worker] DEBUG org.springframework.test.context.BootstrapUtils - Instantiating CacheAwareContextLoaderDelegate from class [org.springframework.test.context.cache.DefaultCacheAwareContextLoaderDelegate]
15:05:44.620 [Test worker] DEBUG org.springframework.test.context.BootstrapUtils - Instantiating BootstrapContext using constructor [public org.springframework.test.context.support.DefaultBootstrapContext(java.lang.Class,org.springframework.test.context.CacheAwareContextLoaderDelegate)]
15:05:44.670 [Test worker] DEBUG org.springframework.test.context.BootstrapUtils - Instantiating TestContextBootstrapper for test class [com.yang.test.SampleTest] from class [org.springframework.boot.test.context.SpringBootTestContextBootstrapper]
15:05:44.680 [Test worker] INFO org.springframework.boot.test.context.SpringBootTestContextBootstrapper - Neither @ContextConfiguration nor @ContextHierarchy found for test class [com.yang.test.SampleTest], using SpringBootContextLoader
15:05:44.684 [Test worker] DEBUG org.springframework.test.context.support.AbstractContextLoader - Did not detect default resource location for test class [com.yang.test.SampleTest]: class path resource [com/yang/test/SampleTest-context.xml] does not exist
15:05:44.686 [Test worker] DEBUG org.springframework.test.context.support.AbstractContextLoader - Did not detect default resource location for test class [com.yang.test.SampleTest]: class path resource [com/yang/test/SampleTestContext.groovy] does not exist
15:05:44.687 [Test worker] INFO org.springframework.test.context.support.AbstractContextLoader - Could not detect default resource locations for test class [com.yang.test.SampleTest]: no resource found for suffixes {-context.xml, Context.groovy}.
15:05:44.688 [Test worker] INFO org.springframework.test.context.support.AnnotationConfigContextLoaderUtils - Could not detect default configuration classes for test class [com.yang.test.SampleTest]: SampleTest does not declare any static, non-private, non-final, nested classes annotated with @Configuration.
15:05:44.798 [Test worker] DEBUG org.springframework.test.context.support.ActiveProfilesUtils - Could not find an 'annotation declaring class' for annotation type [org.springframework.test.context.ActiveProfiles] and class [com.yang.test.SampleTest]
15:05:44.885 [Test worker] DEBUG org.springframework.context.annotation.ClassPathScanningCandidateComponentProvider - Identified candidate component class: file [/Users/yangyi/Documents/yy_code/qa_platform/build/classes/java/main/com/yang/QaPlatformApplication.class]
15:05:44.889 [Test worker] INFO org.springframework.boot.test.context.SpringBootTestContextBootstrapper - Found @SpringBootConfiguration com.yang.QaPlatformApplication for test class com.yang.test.SampleTest
15:05:44.967 [Test worker] DEBUG org.springframework.boot.test.context.SpringBootTestContextBootstrapper - @TestExecutionListeners is not present for class [com.yang.test.SampleTest]: using defaults.
15:05:44.967 [Test worker] INFO org.springframework.boot.test.context.SpringBootTestContextBootstrapper - Loaded default TestExecutionListener class names from location [META-INF/spring.factories]: [org.springframework.boot.test.autoconfigure.restdocs.RestDocsTestExecutionListener, org.springframework.boot.test.autoconfigure.web.client.MockRestServiceServerResetTestExecutionListener, org.springframework.boot.test.autoconfigure.web.servlet.MockMvcPrintOnlyOnFailureTestExecutionListener, org.springframework.boot.test.autoconfigure.web.servlet.WebDriverTestExecutionListener, org.springframework.boot.test.autoconfigure.webservices.client.MockWebServiceServerTestExecutionListener, org.springframework.boot.test.mock.mockito.MockitoTestExecutionListener, org.springframework.boot.test.mock.mockito.ResetMocksTestExecutionListener, org.springframework.test.context.web.ServletTestExecutionListener, org.springframework.test.context.support.DirtiesContextBeforeModesTestExecutionListener, org.springframework.test.context.event.ApplicationEventsTestExecutionListener, org.springframework.test.context.support.DependencyInjectionTestExecutionListener, org.springframework.test.context.support.DirtiesContextTestExecutionListener, org.springframework.test.context.transaction.TransactionalTestExecutionListener, org.springframework.test.context.jdbc.SqlScriptsTestExecutionListener, org.springframework.test.context.event.EventPublishingTestExecutionListener]
15:05:44.981 [Test worker] INFO org.springframework.boot.test.context.SpringBootTestContextBootstrapper - Using TestExecutionListeners: [org.springframework.test.context.web.ServletTestExecutionListener@60599d18, org.springframework.test.context.support.DirtiesContextBeforeModesTestExecutionListener@2fa9032b, org.springframework.test.context.event.ApplicationEventsTestExecutionListener@43546222, org.springframework.boot.test.mock.mockito.MockitoTestExecutionListener@4cbe49bf, org.springframework.boot.test.autoconfigure.SpringBootDependencyInjectionTestExecutionListener@6023bc6d, org.springframework.test.context.support.DirtiesContextTestExecutionListener@7744b19, org.springframework.test.context.transaction.TransactionalTestExecutionListener@67d17ca7, org.springframework.test.context.jdbc.SqlScriptsTestExecutionListener@591c2253, org.springframework.test.context.event.EventPublishingTestExecutionListener@24212dc9, org.springframework.boot.test.autoconfigure.restdocs.RestDocsTestExecutionListener@1a886d7, org.springframework.boot.test.autoconfigure.web.client.MockRestServiceServerResetTestExecutionListener@6df0e601, org.springframework.boot.test.autoconfigure.web.servlet.MockMvcPrintOnlyOnFailureTestExecutionListener@55c64f56, org.springframework.boot.test.autoconfigure.web.servlet.WebDriverTestExecutionListener@78a47f42, org.springframework.boot.test.autoconfigure.webservices.client.MockWebServiceServerTestExecutionListener@3dffc0bf, org.springframework.boot.test.mock.mockito.ResetMocksTestExecutionListener@5755e9ef]
15:05:44.984 [Test worker] DEBUG org.springframework.test.context.support.AbstractDirtiesContextTestExecutionListener - Before test class: context [DefaultTestContext@33522373 testClass = SampleTest, testInstance = [null], testMethod = [null], testException = [null], mergedContextConfiguration = [WebMergedContextConfiguration@39363159 testClass = SampleTest, locations = '{}', classes = '{class com.yang.QaPlatformApplication}', contextInitializerClasses = '[]', activeProfiles = '{}', propertySourceLocations = '{}', propertySourceProperties = '{org.springframework.boot.test.context.SpringBootTestContextBootstrapper=true}', contextCustomizers = set[org.springframework.boot.test.autoconfigure.actuate.metrics.MetricsExportContextCustomizerFactory$DisableMetricExportContextCustomizer@4a0045e3, org.springframework.boot.test.autoconfigure.properties.PropertyMappingContextCustomizer@0, org.springframework.boot.test.autoconfigure.web.servlet.WebDriverContextCustomizerFactory$Customizer@6284bb2, org.springframework.boot.test.context.filter.ExcludeFilterContextCustomizer@be2c0f, org.springframework.boot.test.json.DuplicateJsonObjectContextCustomizerFactory$DuplicateJsonObjectContextCustomizer@72a7cbac, org.springframework.boot.test.mock.mockito.MockitoContextCustomizer@0, org.springframework.boot.test.web.client.TestRestTemplateContextCustomizer@a0421fa, org.springframework.boot.test.context.SpringBootTestArgs@1, org.springframework.boot.test.context.SpringBootTestWebEnvironment@389c7b67], resourceBasePath = 'src/main/webapp', contextLoader = 'org.springframework.boot.test.context.SpringBootContextLoader', parent = [null]], attributes = map['org.springframework.test.context.web.ServletTestExecutionListener.activateListener' -> true]], class annotated with @DirtiesContext [false] with mode [null].
15:05:45.016 [Test worker] DEBUG org.springframework.test.context.support.TestPropertySourceUtils - Adding inlined properties to environment: {spring.jmx.enabled=false, org.springframework.boot.test.context.SpringBootTestContextBootstrapper=true}

  .   ____          _            __ _ _
 /\\ / ___'_ __ _ _(_)_ __  __ _ \ \ \ \
( ( )\___ | '_ | '_| | '_ \/ _` | \ \ \ \
 \\/  ___)| |_)| | | | | || (_| |  ) ) ) )
  '  |____| .__|_| |_|_| |_\__, | / / / /
 =========|_|==============|___/=/_/_/_/
 :: Spring Boot ::                (v2.6.5)

2022-04-07 15:05:45.593  INFO 21284 --- [    Test worker] com.yang.test.SampleTest                 : Starting SampleTest using Java 14.0.2 on yangyideMacBook-Pro.local with PID 21284 (started by yangyi in /Users/yangyi/Documents/yy_code/qa_platform)
2022-04-07 15:05:45.601  INFO 21284 --- [    Test worker] com.yang.test.SampleTest                 : No active profile set, falling back to 1 default profile: "default"
2022-04-07 15:05:47.196  INFO 21284 --- [    Test worker] trationDelegate$BeanPostProcessorChecker : Bean 'org.springframework.ws.config.annotation.DelegatingWsConfiguration' of type [org.springframework.ws.config.annotation.DelegatingWsConfiguration$$EnhancerBySpringCGLIB$$9abf1b06] is not eligible for getting processed by all BeanPostProcessors (for example: not eligible for auto-proxying)
2022-04-07 15:05:47.275  INFO 21284 --- [    Test worker] .w.s.a.s.AnnotationActionEndpointMapping : Supporting [WS-Addressing August 2004, WS-Addressing 1.0]
Logging initialized using 'class org.apache.ibatis.logging.stdout.StdOutImpl' adapter.
2022-04-07 15:05:47.601  INFO 21284 --- [    Test worker] c.a.d.s.b.a.DruidDataSourceAutoConfigure : Init DruidDataSource
2022-04-07 15:05:47.910  INFO 21284 --- [    Test worker] com.alibaba.druid.pool.DruidDataSource   : {dataSource-1} inited
Registered plugin: 'com.baomidou.mybatisplus.extension.plugins.MybatisPlusInterceptor@7e303bb'
Property 'mapperLocations' was not specified.
 _ _   |_  _ _|_. ___ _ |    _ 
| | |\/|_)(_| | |_\  |_)||_|_\ 
     /               |         
                        3.5.1 
2022-04-07 15:05:49.851  INFO 21284 --- [    Test worker] com.yang.test.SampleTest                 : Started SampleTest in 4.827 seconds (JVM running for 6.41)
Creating a new SqlSession
SqlSession [org.apache.ibatis.session.defaults.DefaultSqlSession@281380f] was not registered for synchronization because synchronization is not active
JDBC Connection [com.mysql.cj.jdbc.ConnectionImpl@3c8c9ca9] will not be managed by Spring
==>  Preparing: SELECT id,name,link,describes,deleted,create_time,update_time FROM linkages WHERE deleted=0
==> Parameters: 
<==    Columns: id, name, link, describes, deleted, create_time, update_time
<==        Row: 1, jira, jira.com, bug地址, 0, 2022-04-07 14:21:10, 2022-04-07 14:21:10
<==      Total: 1
Closing non transactional SqlSession [org.apache.ibatis.session.defaults.DefaultSqlSession@281380f]
Link(id=1, name=jira, link=jira.com, describes=bug地址, deleted=0, createTime=2022-04-07 14:21:10, updateTime=2022-04-07 14:21:10)
]]></system-out>
  <system-err><![CDATA[]]></system-err>
</testsuite>
