<?xml version="1.0" encoding="UTF-8"?>
<testsuite name="com.yang.test.SampleTest" tests="1" skipped="0" failures="0" errors="0" timestamp="2022-04-14T03:35:50" hostname="yangyideMacBook-Pro.local" time="1.127">
  <properties/>
  <testcase name="testAutoGenerate()" classname="com.yang.test.SampleTest" time="1.127"/>
  <system-out><![CDATA[11:35:46.156 [Test worker] DEBUG org.springframework.test.context.BootstrapUtils - Instantiating CacheAwareContextLoaderDelegate from class [org.springframework.test.context.cache.DefaultCacheAwareContextLoaderDelegate]
11:35:46.166 [Test worker] DEBUG org.springframework.test.context.BootstrapUtils - Instantiating BootstrapContext using constructor [public org.springframework.test.context.support.DefaultBootstrapContext(java.lang.Class,org.springframework.test.context.CacheAwareContextLoaderDelegate)]
11:35:46.203 [Test worker] DEBUG org.springframework.test.context.BootstrapUtils - Instantiating TestContextBootstrapper for test class [com.yang.test.SampleTest] from class [org.springframework.boot.test.context.SpringBootTestContextBootstrapper]
11:35:46.217 [Test worker] INFO org.springframework.boot.test.context.SpringBootTestContextBootstrapper - Neither @ContextConfiguration nor @ContextHierarchy found for test class [com.yang.test.SampleTest], using SpringBootContextLoader
11:35:46.221 [Test worker] DEBUG org.springframework.test.context.support.AbstractContextLoader - Did not detect default resource location for test class [com.yang.test.SampleTest]: class path resource [com/yang/test/SampleTest-context.xml] does not exist
11:35:46.222 [Test worker] DEBUG org.springframework.test.context.support.AbstractContextLoader - Did not detect default resource location for test class [com.yang.test.SampleTest]: class path resource [com/yang/test/SampleTestContext.groovy] does not exist
11:35:46.222 [Test worker] INFO org.springframework.test.context.support.AbstractContextLoader - Could not detect default resource locations for test class [com.yang.test.SampleTest]: no resource found for suffixes {-context.xml, Context.groovy}.
11:35:46.223 [Test worker] INFO org.springframework.test.context.support.AnnotationConfigContextLoaderUtils - Could not detect default configuration classes for test class [com.yang.test.SampleTest]: SampleTest does not declare any static, non-private, non-final, nested classes annotated with @Configuration.
11:35:46.296 [Test worker] DEBUG org.springframework.test.context.support.ActiveProfilesUtils - Could not find an 'annotation declaring class' for annotation type [org.springframework.test.context.ActiveProfiles] and class [com.yang.test.SampleTest]
11:35:46.397 [Test worker] DEBUG org.springframework.context.annotation.ClassPathScanningCandidateComponentProvider - Identified candidate component class: file [/Users/yangyi/Documents/yy_code/qa_platform/build/classes/java/main/com/yang/QaPlatformApplication.class]
11:35:46.399 [Test worker] INFO org.springframework.boot.test.context.SpringBootTestContextBootstrapper - Found @SpringBootConfiguration com.yang.QaPlatformApplication for test class com.yang.test.SampleTest
11:35:46.492 [Test worker] DEBUG org.springframework.boot.test.context.SpringBootTestContextBootstrapper - @TestExecutionListeners is not present for class [com.yang.test.SampleTest]: using defaults.
11:35:46.492 [Test worker] INFO org.springframework.boot.test.context.SpringBootTestContextBootstrapper - Loaded default TestExecutionListener class names from location [META-INF/spring.factories]: [org.springframework.boot.test.autoconfigure.restdocs.RestDocsTestExecutionListener, org.springframework.boot.test.autoconfigure.web.client.MockRestServiceServerResetTestExecutionListener, org.springframework.boot.test.autoconfigure.web.servlet.MockMvcPrintOnlyOnFailureTestExecutionListener, org.springframework.boot.test.autoconfigure.web.servlet.WebDriverTestExecutionListener, org.springframework.boot.test.autoconfigure.webservices.client.MockWebServiceServerTestExecutionListener, org.springframework.boot.test.mock.mockito.MockitoTestExecutionListener, org.springframework.boot.test.mock.mockito.ResetMocksTestExecutionListener, org.springframework.test.context.web.ServletTestExecutionListener, org.springframework.test.context.support.DirtiesContextBeforeModesTestExecutionListener, org.springframework.test.context.event.ApplicationEventsTestExecutionListener, org.springframework.test.context.support.DependencyInjectionTestExecutionListener, org.springframework.test.context.support.DirtiesContextTestExecutionListener, org.springframework.test.context.transaction.TransactionalTestExecutionListener, org.springframework.test.context.jdbc.SqlScriptsTestExecutionListener, org.springframework.test.context.event.EventPublishingTestExecutionListener]
11:35:46.508 [Test worker] INFO org.springframework.boot.test.context.SpringBootTestContextBootstrapper - Using TestExecutionListeners: [org.springframework.test.context.web.ServletTestExecutionListener@261bcbd7, org.springframework.test.context.support.DirtiesContextBeforeModesTestExecutionListener@7624f946, org.springframework.test.context.event.ApplicationEventsTestExecutionListener@135726c9, org.springframework.boot.test.mock.mockito.MockitoTestExecutionListener@292b1ab1, org.springframework.boot.test.autoconfigure.SpringBootDependencyInjectionTestExecutionListener@51962930, org.springframework.test.context.support.DirtiesContextTestExecutionListener@a9148d, org.springframework.test.context.transaction.TransactionalTestExecutionListener@2a621b3f, org.springframework.test.context.jdbc.SqlScriptsTestExecutionListener@5bed6250, org.springframework.test.context.event.EventPublishingTestExecutionListener@3b520fb4, org.springframework.boot.test.autoconfigure.restdocs.RestDocsTestExecutionListener@7317692f, org.springframework.boot.test.autoconfigure.web.client.MockRestServiceServerResetTestExecutionListener@49162f91, org.springframework.boot.test.autoconfigure.web.servlet.MockMvcPrintOnlyOnFailureTestExecutionListener@79593b01, org.springframework.boot.test.autoconfigure.web.servlet.WebDriverTestExecutionListener@525da431, org.springframework.boot.test.autoconfigure.webservices.client.MockWebServiceServerTestExecutionListener@1a4bf144, org.springframework.boot.test.mock.mockito.ResetMocksTestExecutionListener@62d92f3b]
11:35:46.511 [Test worker] DEBUG org.springframework.test.context.support.AbstractDirtiesContextTestExecutionListener - Before test class: context [DefaultTestContext@60599d18 testClass = SampleTest, testInstance = [null], testMethod = [null], testException = [null], mergedContextConfiguration = [WebMergedContextConfiguration@2fa9032b testClass = SampleTest, locations = '{}', classes = '{class com.yang.QaPlatformApplication}', contextInitializerClasses = '[]', activeProfiles = '{}', propertySourceLocations = '{}', propertySourceProperties = '{org.springframework.boot.test.context.SpringBootTestContextBootstrapper=true}', contextCustomizers = set[org.springframework.boot.test.autoconfigure.actuate.metrics.MetricsExportContextCustomizerFactory$DisableMetricExportContextCustomizer@4b0a8d3d, org.springframework.boot.test.autoconfigure.properties.PropertyMappingContextCustomizer@0, org.springframework.boot.test.autoconfigure.web.servlet.WebDriverContextCustomizerFactory$Customizer@6d533010, org.springframework.boot.test.context.filter.ExcludeFilterContextCustomizer@27122239, org.springframework.boot.test.json.DuplicateJsonObjectContextCustomizerFactory$DuplicateJsonObjectContextCustomizer@23993954, org.springframework.boot.test.mock.mockito.MockitoContextCustomizer@0, org.springframework.boot.test.web.client.TestRestTemplateContextCustomizer@2dbbd4d, org.springframework.boot.test.context.SpringBootTestArgs@1, org.springframework.boot.test.context.SpringBootTestWebEnvironment@5777c444], resourceBasePath = 'src/main/webapp', contextLoader = 'org.springframework.boot.test.context.SpringBootContextLoader', parent = [null]], attributes = map['org.springframework.test.context.web.ServletTestExecutionListener.activateListener' -> true]], class annotated with @DirtiesContext [false] with mode [null].
11:35:46.543 [Test worker] DEBUG org.springframework.test.context.support.TestPropertySourceUtils - Adding inlined properties to environment: {spring.jmx.enabled=false, org.springframework.boot.test.context.SpringBootTestContextBootstrapper=true}

  .   ____          _            __ _ _
 /\\ / ___'_ __ _ _(_)_ __  __ _ \ \ \ \
( ( )\___ | '_ | '_| | '_ \/ _` | \ \ \ \
 \\/  ___)| |_)| | | | | || (_| |  ) ) ) )
  '  |____| .__|_| |_|_| |_\__, | / / / /
 =========|_|==============|___/=/_/_/_/
 :: Spring Boot ::                (v2.4.2)

2022-04-14 11:35:46.911  INFO 25709 --- [    Test worker] com.yang.test.SampleTest                 : Starting SampleTest using Java 14.0.2 on yangyideMacBook-Pro.local with PID 25709 (started by yangyi in /Users/yangyi/Documents/yy_code/qa_platform)
2022-04-14 11:35:46.915  INFO 25709 --- [    Test worker] com.yang.test.SampleTest                 : No active profile set, falling back to default profiles: default
2022-04-14 11:35:48.501  INFO 25709 --- [    Test worker] trationDelegate$BeanPostProcessorChecker : Bean 'org.springframework.ws.config.annotation.DelegatingWsConfiguration' of type [org.springframework.ws.config.annotation.DelegatingWsConfiguration$$EnhancerBySpringCGLIB$$9022f276] is not eligible for getting processed by all BeanPostProcessors (for example: not eligible for auto-proxying)
2022-04-14 11:35:48.584  INFO 25709 --- [    Test worker] .w.s.a.s.AnnotationActionEndpointMapping : Supporting [WS-Addressing August 2004, WS-Addressing 1.0]
Logging initialized using 'class org.apache.ibatis.logging.stdout.StdOutImpl' adapter.
2022-04-14 11:35:48.931  INFO 25709 --- [    Test worker] c.a.d.s.b.a.DruidDataSourceAutoConfigure : Init DruidDataSource
2022-04-14 11:35:49.218  INFO 25709 --- [    Test worker] com.alibaba.druid.pool.DruidDataSource   : {dataSource-1} inited
Registered plugin: 'com.baomidou.mybatisplus.extension.plugins.MybatisPlusInterceptor@ced3785'
Property 'mapperLocations' was not specified.
 _ _   |_  _ _|_. ___ _ |    _ 
| | |\/|_)(_| | |_\  |_)||_|_\ 
     /               |         
                        3.5.1 
2022-04-14 11:35:50.357  INFO 25709 --- [    Test worker] o.s.s.concurrent.ThreadPoolTaskExecutor  : Initializing ExecutorService 'applicationTaskExecutor'
2022-04-14 11:35:50.964  INFO 25709 --- [    Test worker] com.yang.test.SampleTest                 : Started SampleTest in 4.414 seconds (JVM running for 5.922)
2022-04-14 11:35:51.863  WARN 25709 --- [    Test worker] org.apache.velocity.deprecation          : configuration key 'file.resource.loader.class' has been deprecated in favor of 'resource.loader.file.class'
2022-04-14 11:35:51.865  WARN 25709 --- [    Test worker] org.apache.velocity.deprecation          : configuration key 'file.resource.loader.unicode' has been deprecated in favor of 'resource.loader.file.unicode'
]]></system-out>
  <system-err><![CDATA[]]></system-err>
</testsuite>
