<?xml version="1.0" encoding="UTF-8"?>
<testsuite name="com.yang.test.SampleTest" tests="1" skipped="0" failures="0" errors="0" timestamp="2022-04-07T05:53:14" hostname="yangyideMacBook-Pro.local" time="0.99">
  <properties/>
  <testcase name="testDelete()" classname="com.yang.test.SampleTest" time="0.99"/>
  <system-out><![CDATA[13:53:09.473 [Test worker] DEBUG org.springframework.test.context.BootstrapUtils - Instantiating CacheAwareContextLoaderDelegate from class [org.springframework.test.context.cache.DefaultCacheAwareContextLoaderDelegate]
13:53:09.483 [Test worker] DEBUG org.springframework.test.context.BootstrapUtils - Instantiating BootstrapContext using constructor [public org.springframework.test.context.support.DefaultBootstrapContext(java.lang.Class,org.springframework.test.context.CacheAwareContextLoaderDelegate)]
13:53:09.530 [Test worker] DEBUG org.springframework.test.context.BootstrapUtils - Instantiating TestContextBootstrapper for test class [com.yang.test.SampleTest] from class [org.springframework.boot.test.context.SpringBootTestContextBootstrapper]
13:53:09.539 [Test worker] INFO org.springframework.boot.test.context.SpringBootTestContextBootstrapper - Neither @ContextConfiguration nor @ContextHierarchy found for test class [com.yang.test.SampleTest], using SpringBootContextLoader
13:53:09.543 [Test worker] DEBUG org.springframework.test.context.support.AbstractContextLoader - Did not detect default resource location for test class [com.yang.test.SampleTest]: class path resource [com/yang/test/SampleTest-context.xml] does not exist
13:53:09.545 [Test worker] DEBUG org.springframework.test.context.support.AbstractContextLoader - Did not detect default resource location for test class [com.yang.test.SampleTest]: class path resource [com/yang/test/SampleTestContext.groovy] does not exist
13:53:09.545 [Test worker] INFO org.springframework.test.context.support.AbstractContextLoader - Could not detect default resource locations for test class [com.yang.test.SampleTest]: no resource found for suffixes {-context.xml, Context.groovy}.
13:53:09.546 [Test worker] INFO org.springframework.test.context.support.AnnotationConfigContextLoaderUtils - Could not detect default configuration classes for test class [com.yang.test.SampleTest]: SampleTest does not declare any static, non-private, non-final, nested classes annotated with @Configuration.
13:53:09.611 [Test worker] DEBUG org.springframework.test.context.support.ActiveProfilesUtils - Could not find an 'annotation declaring class' for annotation type [org.springframework.test.context.ActiveProfiles] and class [com.yang.test.SampleTest]
13:53:09.719 [Test worker] DEBUG org.springframework.context.annotation.ClassPathScanningCandidateComponentProvider - Identified candidate component class: file [/Users/yangyi/Documents/yy_code/qa_platform/build/classes/java/main/com/yang/QaPlatformApplication.class]
13:53:09.721 [Test worker] INFO org.springframework.boot.test.context.SpringBootTestContextBootstrapper - Found @SpringBootConfiguration com.yang.QaPlatformApplication for test class com.yang.test.SampleTest
13:53:09.791 [Test worker] DEBUG org.springframework.boot.test.context.SpringBootTestContextBootstrapper - @TestExecutionListeners is not present for class [com.yang.test.SampleTest]: using defaults.
13:53:09.791 [Test worker] INFO org.springframework.boot.test.context.SpringBootTestContextBootstrapper - Loaded default TestExecutionListener class names from location [META-INF/spring.factories]: [org.springframework.boot.test.autoconfigure.restdocs.RestDocsTestExecutionListener, org.springframework.boot.test.autoconfigure.web.client.MockRestServiceServerResetTestExecutionListener, org.springframework.boot.test.autoconfigure.web.servlet.MockMvcPrintOnlyOnFailureTestExecutionListener, org.springframework.boot.test.autoconfigure.web.servlet.WebDriverTestExecutionListener, org.springframework.boot.test.autoconfigure.webservices.client.MockWebServiceServerTestExecutionListener, org.springframework.boot.test.mock.mockito.MockitoTestExecutionListener, org.springframework.boot.test.mock.mockito.ResetMocksTestExecutionListener, org.springframework.test.context.web.ServletTestExecutionListener, org.springframework.test.context.support.DirtiesContextBeforeModesTestExecutionListener, org.springframework.test.context.event.ApplicationEventsTestExecutionListener, org.springframework.test.context.support.DependencyInjectionTestExecutionListener, org.springframework.test.context.support.DirtiesContextTestExecutionListener, org.springframework.test.context.transaction.TransactionalTestExecutionListener, org.springframework.test.context.jdbc.SqlScriptsTestExecutionListener, org.springframework.test.context.event.EventPublishingTestExecutionListener]
13:53:09.805 [Test worker] INFO org.springframework.boot.test.context.SpringBootTestContextBootstrapper - Using TestExecutionListeners: [org.springframework.test.context.web.ServletTestExecutionListener@17dad99, org.springframework.test.context.support.DirtiesContextBeforeModesTestExecutionListener@910ceb1, org.springframework.test.context.event.ApplicationEventsTestExecutionListener@60599d18, org.springframework.boot.test.mock.mockito.MockitoTestExecutionListener@2fa9032b, org.springframework.boot.test.autoconfigure.SpringBootDependencyInjectionTestExecutionListener@43546222, org.springframework.test.context.support.DirtiesContextTestExecutionListener@4cbe49bf, org.springframework.test.context.transaction.TransactionalTestExecutionListener@6023bc6d, org.springframework.test.context.jdbc.SqlScriptsTestExecutionListener@7744b19, org.springframework.test.context.event.EventPublishingTestExecutionListener@67d17ca7, org.springframework.boot.test.autoconfigure.restdocs.RestDocsTestExecutionListener@591c2253, org.springframework.boot.test.autoconfigure.web.client.MockRestServiceServerResetTestExecutionListener@24212dc9, org.springframework.boot.test.autoconfigure.web.servlet.MockMvcPrintOnlyOnFailureTestExecutionListener@1a886d7, org.springframework.boot.test.autoconfigure.web.servlet.WebDriverTestExecutionListener@6df0e601, org.springframework.boot.test.autoconfigure.webservices.client.MockWebServiceServerTestExecutionListener@55c64f56, org.springframework.boot.test.mock.mockito.ResetMocksTestExecutionListener@78a47f42]
13:53:09.808 [Test worker] DEBUG org.springframework.test.context.support.AbstractDirtiesContextTestExecutionListener - Before test class: context [DefaultTestContext@5a7a1ccc testClass = SampleTest, testInstance = [null], testMethod = [null], testException = [null], mergedContextConfiguration = [WebMergedContextConfiguration@7bd0e5fd testClass = SampleTest, locations = '{}', classes = '{class com.yang.QaPlatformApplication}', contextInitializerClasses = '[]', activeProfiles = '{}', propertySourceLocations = '{}', propertySourceProperties = '{org.springframework.boot.test.context.SpringBootTestContextBootstrapper=true}', contextCustomizers = set[org.springframework.boot.test.autoconfigure.actuate.metrics.MetricsExportContextCustomizerFactory$DisableMetricExportContextCustomizer@152cd4f4, org.springframework.boot.test.autoconfigure.properties.PropertyMappingContextCustomizer@0, org.springframework.boot.test.autoconfigure.web.servlet.WebDriverContextCustomizerFactory$Customizer@cf1e188, org.springframework.boot.test.context.filter.ExcludeFilterContextCustomizer@e916c5e, org.springframework.boot.test.json.DuplicateJsonObjectContextCustomizerFactory$DuplicateJsonObjectContextCustomizer@3b22e0ce, org.springframework.boot.test.mock.mockito.MockitoContextCustomizer@0, org.springframework.boot.test.web.client.TestRestTemplateContextCustomizer@17ddcafb, org.springframework.boot.test.context.SpringBootTestArgs@1, org.springframework.boot.test.context.SpringBootTestWebEnvironment@6f88c03f], resourceBasePath = 'src/main/webapp', contextLoader = 'org.springframework.boot.test.context.SpringBootContextLoader', parent = [null]], attributes = map['org.springframework.test.context.web.ServletTestExecutionListener.activateListener' -> true]], class annotated with @DirtiesContext [false] with mode [null].
13:53:09.836 [Test worker] DEBUG org.springframework.test.context.support.TestPropertySourceUtils - Adding inlined properties to environment: {spring.jmx.enabled=false, org.springframework.boot.test.context.SpringBootTestContextBootstrapper=true}

  .   ____          _            __ _ _
 /\\ / ___'_ __ _ _(_)_ __  __ _ \ \ \ \
( ( )\___ | '_ | '_| | '_ \/ _` | \ \ \ \
 \\/  ___)| |_)| | | | | || (_| |  ) ) ) )
  '  |____| .__|_| |_|_| |_\__, | / / / /
 =========|_|==============|___/=/_/_/_/
 :: Spring Boot ::                (v2.6.5)

2022-04-07 13:53:10.554  INFO 20228 --- [    Test worker] com.yang.test.SampleTest                 : Starting SampleTest using Java 14.0.2 on yangyideMacBook-Pro.local with PID 20228 (started by yangyi in /Users/yangyi/Documents/yy_code/qa_platform)
2022-04-07 13:53:10.555 DEBUG 20228 --- [    Test worker] com.yang.test.SampleTest                 : Running with Spring Boot v2.6.5, Spring v5.3.17
2022-04-07 13:53:10.562  INFO 20228 --- [    Test worker] com.yang.test.SampleTest                 : No active profile set, falling back to 1 default profile: "default"
2022-04-07 13:53:12.167  INFO 20228 --- [    Test worker] trationDelegate$BeanPostProcessorChecker : Bean 'org.springframework.ws.config.annotation.DelegatingWsConfiguration' of type [org.springframework.ws.config.annotation.DelegatingWsConfiguration$$EnhancerBySpringCGLIB$$72d98e28] is not eligible for getting processed by all BeanPostProcessors (for example: not eligible for auto-proxying)
2022-04-07 13:53:12.257  INFO 20228 --- [    Test worker] .w.s.a.s.AnnotationActionEndpointMapping : Supporting [WS-Addressing August 2004, WS-Addressing 1.0]
2022-04-07 13:53:12.524  INFO 20228 --- [    Test worker] c.a.d.s.b.a.DruidDataSourceAutoConfigure : Init DruidDataSource
2022-04-07 13:53:12.830  INFO 20228 --- [    Test worker] com.alibaba.druid.pool.DruidDataSource   : {dataSource-1} inited
 _ _   |_  _ _|_. ___ _ |    _ 
| | |\/|_)(_| | |_\  |_)||_|_\ 
     /               |         
                        3.5.1 
2022-04-07 13:53:14.707  INFO 20228 --- [    Test worker] com.yang.test.SampleTest                 : Started SampleTest in 4.864 seconds (JVM running for 6.367)
2022-04-07 13:53:15.623 DEBUG 20228 --- [    Test worker] com.yang.mapper.UserMapper.deleteById    : ==>  Preparing: UPDATE user SET deleted=1 WHERE id=? AND deleted=0
2022-04-07 13:53:15.679 DEBUG 20228 --- [    Test worker] com.yang.mapper.UserMapper.deleteById    : ==> Parameters: 12(Integer)
2022-04-07 13:53:15.704 DEBUG 20228 --- [    Test worker] com.yang.mapper.UserMapper.deleteById    : <==    Updates: 0
]]></system-out>
  <system-err><![CDATA[]]></system-err>
</testsuite>
